<?xml version="1.0" encoding="utf-8"?><testsuites><testsuite name="pytest" errors="0" failures="0" skipped="0" tests="1" time="0.077" timestamp="2024-10-25T21:43:31.024248" hostname="laptop"><testcase classname="tests.test_agent1" name="test" time="0.001" /></testsuite></testsuites>